<?xml version="1.0" encoding="UTF-8"?>
<!-- Generated by org.testng.reporters.JUnitXMLReporter -->
<testsuite ignored="4" hostname="EC2AMAZ-6D3ISV7" failures="0" tests="2" name="AutomationPractice" time="8.108" errors="0" timestamp="2022-04-16T15:33:54 UTC">
  <testcase classname="BaseModel.BaseClass" name="@BeforeTest setup" time="7.931">
    <failure type="java.lang.IllegalStateException" message="The path to the driver executable must be set by the webdriver.edge.driver system property; for more information, see https://github.com/SeleniumHQ/selenium/wiki/MicrosoftWebDriver. The latest version can be downloaded from http://go.microsoft.com/fwlink/?LinkId=619687">
      <![CDATA[java.lang.IllegalStateException: The path to the driver executable must be set by the webdriver.edge.driver system property; for more information, see https://github.com/SeleniumHQ/selenium/wiki/MicrosoftWebDriver. The latest version can be downloaded from http://go.microsoft.com/fwlink/?LinkId=619687
at com.google.common.base.Preconditions.checkState(Preconditions.java:847)
at org.openqa.selenium.remote.service.DriverService.findExecutable(DriverService.java:134)
at org.openqa.selenium.edge.EdgeDriverService.access$000(EdgeDriverService.java:37)
at org.openqa.selenium.edge.EdgeDriverService$Builder.findDefaultExecutable(EdgeDriverService.java:90)
at org.openqa.selenium.remote.service.DriverService$Builder.build(DriverService.java:355)
at org.openqa.selenium.edge.EdgeDriverService.createDefaultService(EdgeDriverService.java:70)
at org.openqa.selenium.edge.EdgeDriver.<init>(EdgeDriver.java:96)
at BaseModel.BaseClass.setup(BaseClass.java:41)
... Removed 24 stack frames]]>
    </failure>
  </testcase> <!-- @BeforeTest setup -->
  <testcase classname="BaseModel.BaseClass" name="@BeforeClass Synchronize" time="-1.650123234669E9">
    <skipped/>
  </testcase> <!-- @BeforeClass Synchronize -->
  <testcase classname="BaseModel.BaseClass" name="@BeforeMethod BrowserConfig" time="-1.650123234682E9">
    <skipped/>
  </testcase> <!-- @BeforeMethod BrowserConfig -->
  <testcase classname="BaseModel.BaseClass" name="@AfterMethod validations" time="-1.650123234693E9">
    <skipped/>
  </testcase> <!-- @AfterMethod validations -->
  <testcase classname="BaseModel.BaseClass" name="@AfterClass PageValidations" time="-1.650123234697E9">
    <skipped/>
  </testcase> <!-- @AfterClass PageValidations -->
  <testcase classname="BaseModel.BaseClass" name="@BeforeClass Synchronize" time="-1.650123234702E9">
    <skipped/>
  </testcase> <!-- @BeforeClass Synchronize -->
  <testcase classname="BaseModel.BaseClass" name="@BeforeMethod BrowserConfig" time="-1.650123234706E9">
    <skipped/>
  </testcase> <!-- @BeforeMethod BrowserConfig -->
  <testcase classname="BaseModel.BaseClass" name="@AfterMethod validations" time="-1.650123234722E9">
    <skipped/>
  </testcase> <!-- @AfterMethod validations -->
  <testcase classname="BaseModel.BaseClass" name="@AfterClass PageValidations" time="-1.650123234726E9">
    <skipped/>
  </testcase> <!-- @AfterClass PageValidations -->
  <testcase classname="BaseModel.BaseClass" name="@AfterTest BrowserClosing" time="-1.650123234734E9">
    <skipped/>
  </testcase> <!-- @AfterTest BrowserClosing -->
  <testcase classname="Sprint1.Day1" name="Opening" time="0.0">
    <skipped/>
  </testcase> <!-- Opening -->
  <testcase classname="Sprint1.Day2" name="Authenficate" time="0.0">
    <skipped/>
  </testcase> <!-- Authenficate -->
  <testcase classname="BaseModel.BaseClass" name="@BeforeTest setup" time="0.0">
    <ignored/>
  </testcase> <!-- @BeforeTest setup -->
  <testcase classname="BaseModel.BaseClass" name="@BeforeSuite config" time="0.0">
    <ignored/>
  </testcase> <!-- @BeforeSuite config -->
  <testcase classname="BaseModel.BaseClass" name="@AfterTest BrowserClosing" time="0.0">
    <ignored/>
  </testcase> <!-- @AfterTest BrowserClosing -->
  <testcase classname="BaseModel.BaseClass" name="@AfterSuite terminate" time="0.0">
    <ignored/>
  </testcase> <!-- @AfterSuite terminate -->
</testsuite> <!-- AutomationPractice -->
