<?xml version="1.0" encoding="UTF-8"?>
<!-- Generated by org.testng.reporters.JUnitReportReporter -->
<testsuite hostname="EC2AMAZ-6D3ISV7" failures="0" tests="2" name="Sprint1.Day2" time="35.913" errors="1" timestamp="2022-03-27T16:31:48 UTC" skipped="0">
  <testcase classname="Sprint1.Day2" name="setup" time="28.674"/>
  <system-out/>
  <testcase classname="Sprint1.Day2" name="start" time="7.239">
    <error message="unknown error: cannot find MSEdge binary
Build info: version: &#039;3.141.59&#039;, revision: &#039;e82be7d358&#039;, time: &#039;2018-11-14T08:25:48&#039;
System info: host: &#039;EC2AMAZ-6D3ISV7&#039;, ip: &#039;172.31.88.224&#039;, os.name: &#039;Windows Server 2019&#039;, os.arch: &#039;amd64&#039;, os.version: &#039;10.0&#039;, java.version: &#039;17.0.2&#039;
Driver info: driver.version: EdgeDriver
remote stacktrace: Backtrace:
	Microsoft::Applications::Events::EventProperties::unpack [0x00007FF69F7B2AF2+22114]
	Microsoft::Applications::Events::time_ticks_t::time_ticks_t [0x00007FF69F711332+462994]
	Ordinal0 [0x00007FF69F1025F5+665077]
	Ordinal0 [0x00007FF69F127475+816245]
	Ordinal0 [0x00007FF69F1242DE+803550]
	Ordinal0 [0x00007FF69F15E6B6+1042102]
	Ordinal0 [0x00007FF69F158703+1017603]
	Ordinal0 [0x00007FF69F12F997+850327]
	Ordinal0 [0x00007FF69F130E68+855656]
	Microsoft::Applications::Events::FromLogConfiguration [0x00007FF69F474B78+1600600]
	Microsoft::Applications::Events::FromLogConfiguration [0x00007FF69F2FB3D3+54451]
	Microsoft::Applications::Events::FromLogConfiguration [0x00007FF69F2FB09A+53626]
	Microsoft::Applications::Events::EventProperty::EventProperty [0x00007FF69F51D422+42562]
	Microsoft::Applications::Events::FromLogConfiguration [0x00007FF69F2FBA66+56134]
	Ordinal0 [0x00007FF69F1F7041+1667137]
	Microsoft::Applications::Events::time_ticks_t::time_ticks_t [0x00007FF69F71B814+505204]
	Microsoft::Applications::Events::time_ticks_t::time_ticks_t [0x00007FF69F71B96D+505549]
	Ordinal0 [0x00007FF69F2027F2+1714162]
	BaseThreadInitThunk [0x00007FFF880A7974+20]
	RtlUserThreadStart [0x00007FFF8865A2F1+33]
" type="org.openqa.selenium.WebDriverException">
      <![CDATA[org.openqa.selenium.WebDriverException: unknown error: cannot find MSEdge binary
Build info: version: '3.141.59', revision: 'e82be7d358', time: '2018-11-14T08:25:48'
System info: host: 'EC2AMAZ-6D3ISV7', ip: '172.31.88.224', os.name: 'Windows Server 2019', os.arch: 'amd64', os.version: '10.0', java.version: '17.0.2'
Driver info: driver.version: EdgeDriver
remote stacktrace: Backtrace:
Microsoft::Applications::Events::EventProperties::unpack [0x00007FF69F7B2AF2+22114]
Microsoft::Applications::Events::time_ticks_t::time_ticks_t [0x00007FF69F711332+462994]
Ordinal0 [0x00007FF69F1025F5+665077]
Ordinal0 [0x00007FF69F127475+816245]
Ordinal0 [0x00007FF69F1242DE+803550]
Ordinal0 [0x00007FF69F15E6B6+1042102]
Ordinal0 [0x00007FF69F158703+1017603]
Ordinal0 [0x00007FF69F12F997+850327]
Ordinal0 [0x00007FF69F130E68+855656]
Microsoft::Applications::Events::FromLogConfiguration [0x00007FF69F474B78+1600600]
Microsoft::Applications::Events::FromLogConfiguration [0x00007FF69F2FB3D3+54451]
Microsoft::Applications::Events::FromLogConfiguration [0x00007FF69F2FB09A+53626]
Microsoft::Applications::Events::EventProperty::EventProperty [0x00007FF69F51D422+42562]
Microsoft::Applications::Events::FromLogConfiguration [0x00007FF69F2FBA66+56134]
Ordinal0 [0x00007FF69F1F7041+1667137]
Microsoft::Applications::Events::time_ticks_t::time_ticks_t [0x00007FF69F71B814+505204]
Microsoft::Applications::Events::time_ticks_t::time_ticks_t [0x00007FF69F71B96D+505549]
Ordinal0 [0x00007FF69F2027F2+1714162]
BaseThreadInitThunk [0x00007FFF880A7974+20]
RtlUserThreadStart [0x00007FFF8865A2F1+33]

at java.base/jdk.internal.reflect.NativeConstructorAccessorImpl.newInstance0(Native Method)
at java.base/jdk.internal.reflect.NativeConstructorAccessorImpl.newInstance(NativeConstructorAccessorImpl.java:77)
at java.base/jdk.internal.reflect.DelegatingConstructorAccessorImpl.newInstance(DelegatingConstructorAccessorImpl.java:45)
at java.base/java.lang.reflect.Constructor.newInstanceWithCaller(Constructor.java:499)
at java.base/java.lang.reflect.Constructor.newInstance(Constructor.java:480)
at org.openqa.selenium.remote.W3CHandshakeResponse.lambda$errorHandler$0(W3CHandshakeResponse.java:62)
at org.openqa.selenium.remote.HandshakeResponse.lambda$getResponseFunction$0(HandshakeResponse.java:30)
at org.openqa.selenium.remote.ProtocolHandshake.lambda$createSession$0(ProtocolHandshake.java:126)
at java.base/java.util.stream.ReferencePipeline$3$1.accept(ReferencePipeline.java:197)
at java.base/java.util.Spliterators$ArraySpliterator.tryAdvance(Spliterators.java:1002)
at java.base/java.util.stream.ReferencePipeline.forEachWithCancel(ReferencePipeline.java:129)
at java.base/java.util.stream.AbstractPipeline.copyIntoWithCancel(AbstractPipeline.java:527)
at java.base/java.util.stream.AbstractPipeline.copyInto(AbstractPipeline.java:513)
at java.base/java.util.stream.AbstractPipeline.wrapAndCopyInto(AbstractPipeline.java:499)
at java.base/java.util.stream.FindOps$FindOp.evaluateSequential(FindOps.java:150)
at java.base/java.util.stream.AbstractPipeline.evaluate(AbstractPipeline.java:234)
at java.base/java.util.stream.ReferencePipeline.findFirst(ReferencePipeline.java:647)
at org.openqa.selenium.remote.ProtocolHandshake.createSession(ProtocolHandshake.java:128)
at org.openqa.selenium.remote.ProtocolHandshake.createSession(ProtocolHandshake.java:74)
at org.openqa.selenium.remote.HttpCommandExecutor.execute(HttpCommandExecutor.java:136)
at org.openqa.selenium.remote.service.DriverCommandExecutor.execute(DriverCommandExecutor.java:83)
at org.openqa.selenium.remote.RemoteWebDriver.execute(RemoteWebDriver.java:552)
at org.openqa.selenium.remote.RemoteWebDriver.startSession(RemoteWebDriver.java:213)
at org.openqa.selenium.remote.RemoteWebDriver.<init>(RemoteWebDriver.java:131)
at org.openqa.selenium.edge.EdgeDriver.<init>(EdgeDriver.java:141)
at org.openqa.selenium.edge.EdgeDriver.<init>(EdgeDriver.java:96)
at Sprint1.Day2.start(Day2.java:20)
at java.base/jdk.internal.reflect.NativeMethodAccessorImpl.invoke0(Native Method)
at java.base/jdk.internal.reflect.NativeMethodAccessorImpl.invoke(NativeMethodAccessorImpl.java:77)
at java.base/jdk.internal.reflect.DelegatingMethodAccessorImpl.invoke(DelegatingMethodAccessorImpl.java:43)
at java.base/java.lang.reflect.Method.invoke(Method.java:568)
at org.testng.internal.MethodInvocationHelper.invokeMethod(MethodInvocationHelper.java:133)
at org.testng.internal.TestInvoker.invokeMethod(TestInvoker.java:598)
at org.testng.internal.TestInvoker.invokeTestMethod(TestInvoker.java:173)
at org.testng.internal.MethodRunner.runInSequence(MethodRunner.java:46)
at org.testng.internal.TestInvoker$MethodInvocationAgent.invoke(TestInvoker.java:824)
at org.testng.internal.TestInvoker.invokeTestMethods(TestInvoker.java:146)
at org.testng.internal.TestMethodWorker.invokeTestMethods(TestMethodWorker.java:146)
at org.testng.internal.TestMethodWorker.run(TestMethodWorker.java:128)
at java.base/java.util.ArrayList.forEach(ArrayList.java:1511)
at org.testng.TestRunner.privateRun(TestRunner.java:794)
at org.testng.TestRunner.run(TestRunner.java:596)
at org.testng.SuiteRunner.runTest(SuiteRunner.java:377)
at org.testng.SuiteRunner.runSequentially(SuiteRunner.java:371)
at org.testng.SuiteRunner.privateRun(SuiteRunner.java:332)
at org.testng.SuiteRunner.run(SuiteRunner.java:276)
at org.testng.SuiteRunnerWorker.runSuite(SuiteRunnerWorker.java:53)
at org.testng.SuiteRunnerWorker.run(SuiteRunnerWorker.java:96)
at org.testng.TestNG.runSuitesSequentially(TestNG.java:1212)
at org.testng.TestNG.runSuitesLocally(TestNG.java:1134)
at org.testng.TestNG.runSuites(TestNG.java:1063)
at org.testng.TestNG.run(TestNG.java:1031)
at org.testng.remote.AbstractRemoteTestNG.run(AbstractRemoteTestNG.java:115)
at org.testng.remote.RemoteTestNG.initAndRun(RemoteTestNG.java:251)
at org.testng.remote.RemoteTestNG.main(RemoteTestNG.java:77)
]]>
    </error>
  </testcase> <!-- start -->
  <system-out/>
</testsuite> <!-- Sprint1.Day2 -->
